Using pre-set license

 COMMAND LINE ARGUMENTS:
/Applications/Unity/Hub/Editor/2021.1.0f1/Unity.app/Contents/MacOS/Unity
-adb2
-batchMode
-noUpm
-name
AssetImportWorker0
-projectPath
/Users/olivermartin/Desktop/unity/Projects/Hello World
-logFile
Logs/AssetImportWorker0.log
-srvPort
63590
Successfully changed project path to: /Users/olivermartin/Desktop/unity/Projects/Hello World
/Users/olivermartin/Desktop/unity/Projects/Hello World
Using Asset Import Pipeline V2.
Refreshing native plugins compatible for Editor in 93.55 ms, found 1 plugins.
Preloading 0 native plugins for Editor in 0.00 ms.
Initialize engine version: 2021.1.0f1 (61a549675243)
[Subsystems] Discovering subsystems at path /Applications/Unity/Hub/Editor/2021.1.0f1/Unity.app/Contents/Resources/UnitySubsystems
[Subsystems] Discovering subsystems at path /Users/olivermartin/Desktop/unity/Projects/Hello World/Assets
GfxDevice: creating device client; threaded=0; jobified=0
2021-03-31 08:37:14.141 Unity[39470:2773851] (null) preferred device: Apple M1 (high power)
2021-03-31 08:37:14.141 Unity[39470:2773851] Metal devices available: 1
2021-03-31 08:37:14.141 Unity[39470:2773851] 0: Apple M1 (high power)
2021-03-31 08:37:14.142 Unity[39470:2773851] Using device Apple M1 (high power)
Initializing Metal device caps: Apple M1
Initialize mono
Mono path[0] = '/Applications/Unity/Hub/Editor/2021.1.0f1/Unity.app/Contents/Managed'
Mono path[1] = '/Applications/Unity/Hub/Editor/2021.1.0f1/Unity.app/Contents/MonoBleedingEdge/lib/mono/unityjit'
Mono config path = '/Applications/Unity/Hub/Editor/2021.1.0f1/Unity.app/Contents/MonoBleedingEdge/etc'
Using monoOptions --debugger-agent=transport=dt_socket,embedding=1,server=y,suspend=n,address=127.0.0.1:56470
Begin MonoManager ReloadAssembly
Registering precompiled unity dll's ...
Register platform support module: /Applications/Unity/Hub/Editor/2021.1.0f1/Unity.app/Contents/PlaybackEngines/MacStandaloneSupport/UnityEditor.OSXStandalone.Extensions.dll
Registered in 0.001830 seconds.
Native extension for OSXStandalone target not found
Refreshing native plugins compatible for Editor in 96.12 ms, found 1 plugins.
Preloading 0 native plugins for Editor in 0.00 ms.
Mono: successfully reloaded assembly
- Completed reload, in  3.557 seconds
Platform modules already initialized, skipping
Registering precompiled user dll's ...
Registered in 0.009023 seconds.
Begin MonoManager ReloadAssembly
Native extension for OSXStandalone target not found
Refreshing native plugins compatible for Editor in 0.53 ms, found 1 plugins.
Preloading 0 native plugins for Editor in 0.00 ms.
Mono: successfully reloaded assembly
- Completed reload, in  2.387 seconds
Platform modules already initialized, skipping
========================================================================
Worker process is ready to serve import requests
Launching external process: /Applications/Unity/Hub/Editor/2021.1.0f1/Unity.app/Contents/Tools/UnityShaderCompiler
Launched and connected shader compiler UnityShaderCompiler after 0.04 seconds
Refreshing native plugins compatible for Editor in 0.56 ms, found 1 plugins.
Preloading 0 native plugins for Editor in 0.00 ms.
Unloading 3199 Unused Serialized files (Serialized files now loaded: 0)
System memory in use before: 196.6 MB.
System memory in use after: 196.8 MB.

Unloading 97 unused Assets to reduce memory usage. Loaded Objects now: 3630.
Total: 2.595833 ms (FindLiveObjects: 0.254417 ms CreateObjectMapping: 0.075250 ms MarkObjects: 2.130917 ms  DeleteObjects: 0.134125 ms)

========================================================================
Received Import Request.
  path: Assets/Scripts/ColorChangeGround.cs
  artifactKey: Guid(f0c5869bb69454ff18b1e1d80aaaa8eb) Importer(815301076,1909f56bfc062723c751e8b465ee728b)
Start importing Assets/Scripts/ColorChangeGround.cs using Guid(f0c5869bb69454ff18b1e1d80aaaa8eb) Importer(815301076,1909f56bfc062723c751e8b465ee728b)  -> (artifact id: 'f9414764d51030af3a7bdb80706799a5') in 0.607253 seconds 
========================================================================
Received Prepare
Registering precompiled user dll's ...
Registered in 0.017315 seconds.
Begin MonoManager ReloadAssembly
Native extension for OSXStandalone target not found
Refreshing native plugins compatible for Editor in 0.56 ms, found 1 plugins.
Preloading 0 native plugins for Editor in 0.00 ms.
Warning: Annotation not found!
UnityEngine.StackTraceUtility:ExtractStackTrace () (at /Users/bokken/buildslave/unity/build/Runtime/Export/Scripting/StackTrace.cs:37)
UnityEditor.ProBuilder.EditorUtility:SetGizmoIconEnabled (System.Type,bool) (at Library/PackageCache/com.unity.probuilder@5.0.1/Editor/EditorCore/EditorUtility.cs:575)
UnityEditor.ProBuilder.HierarchyListener:.cctor () (at Library/PackageCache/com.unity.probuilder@5.0.1/Editor/EditorCore/HierarchyListener.cs:21)
System.Runtime.CompilerServices.RuntimeHelpers:RunClassConstructor (System.RuntimeTypeHandle)
UnityEditor.EditorAssemblies:ProcessInitializeOnLoadAttributes (System.Type[]) (at /Users/bokken/buildslave/unity/build/Editor/Mono/EditorAssemblies.cs:114)

[Library/PackageCache/com.unity.probuilder@5.0.1/Editor/EditorCore/EditorUtility.cs line 575]

Mono: successfully reloaded assembly
- Completed reload, in  3.022 seconds
Platform modules already initialized, skipping
Refreshing native plugins compatible for Editor in 0.53 ms, found 1 plugins.
Preloading 0 native plugins for Editor in 0.00 ms.
Unloading 3159 Unused Serialized files (Serialized files now loaded: 0)
System memory in use before: 198.7 MB.
System memory in use after: 198.9 MB.

Unloading 16 unused Assets to reduce memory usage. Loaded Objects now: 3633.
Total: 2.832000 ms (FindLiveObjects: 0.479042 ms CreateObjectMapping: 0.075916 ms MarkObjects: 2.177667 ms  DeleteObjects: 0.098250 ms)

