Using pre-set license

 COMMAND LINE ARGUMENTS:
/Applications/Unity/Hub/Editor/2021.1.0f1/Unity.app/Contents/MacOS/Unity
-adb2
-batchMode
-noUpm
-name
AssetImportWorker0
-projectPath
/Users/olivermartin/Desktop/unity/Projects/Hello World
-logFile
Logs/AssetImportWorker0.log
-srvPort
61722
Successfully changed project path to: /Users/olivermartin/Desktop/unity/Projects/Hello World
/Users/olivermartin/Desktop/unity/Projects/Hello World
Using Asset Import Pipeline V2.
Refreshing native plugins compatible for Editor in 93.19 ms, found 1 plugins.
Preloading 0 native plugins for Editor in 0.00 ms.
Initialize engine version: 2021.1.0f1 (61a549675243)
[Subsystems] Discovering subsystems at path /Applications/Unity/Hub/Editor/2021.1.0f1/Unity.app/Contents/Resources/UnitySubsystems
[Subsystems] Discovering subsystems at path /Users/olivermartin/Desktop/unity/Projects/Hello World/Assets
GfxDevice: creating device client; threaded=0; jobified=0
2021-03-30 18:28:38.928 Unity[38116:2665445] (null) preferred device: Apple M1 (high power)
2021-03-30 18:28:38.928 Unity[38116:2665445] Metal devices available: 1
2021-03-30 18:28:38.928 Unity[38116:2665445] 0: Apple M1 (high power)
2021-03-30 18:28:38.928 Unity[38116:2665445] Using device Apple M1 (high power)
Initializing Metal device caps: Apple M1
Initialize mono
Mono path[0] = '/Applications/Unity/Hub/Editor/2021.1.0f1/Unity.app/Contents/Managed'
Mono path[1] = '/Applications/Unity/Hub/Editor/2021.1.0f1/Unity.app/Contents/MonoBleedingEdge/lib/mono/unityjit'
Mono config path = '/Applications/Unity/Hub/Editor/2021.1.0f1/Unity.app/Contents/MonoBleedingEdge/etc'
Using monoOptions --debugger-agent=transport=dt_socket,embedding=1,server=y,suspend=n,address=127.0.0.1:56116
Begin MonoManager ReloadAssembly
Registering precompiled unity dll's ...
Register platform support module: /Applications/Unity/Hub/Editor/2021.1.0f1/Unity.app/Contents/PlaybackEngines/MacStandaloneSupport/UnityEditor.OSXStandalone.Extensions.dll
Registered in 0.033442 seconds.
Native extension for OSXStandalone target not found
Refreshing native plugins compatible for Editor in 87.33 ms, found 1 plugins.
Preloading 0 native plugins for Editor in 0.00 ms.
Mono: successfully reloaded assembly
- Completed reload, in  3.665 seconds
Platform modules already initialized, skipping
Registering precompiled user dll's ...
Registered in 0.050953 seconds.
Begin MonoManager ReloadAssembly
Native extension for OSXStandalone target not found
Refreshing native plugins compatible for Editor in 0.61 ms, found 1 plugins.
Preloading 0 native plugins for Editor in 0.00 ms.
Mono: successfully reloaded assembly
- Completed reload, in  2.468 seconds
Platform modules already initialized, skipping
========================================================================
Worker process is ready to serve import requests
Launching external process: /Applications/Unity/Hub/Editor/2021.1.0f1/Unity.app/Contents/Tools/UnityShaderCompiler
Launched and connected shader compiler UnityShaderCompiler after 0.04 seconds
Refreshing native plugins compatible for Editor in 0.58 ms, found 1 plugins.
Preloading 0 native plugins for Editor in 0.00 ms.
Unloading 3198 Unused Serialized files (Serialized files now loaded: 0)
System memory in use before: 196.6 MB.
System memory in use after: 196.8 MB.

Unloading 97 unused Assets to reduce memory usage. Loaded Objects now: 3629.
Total: 2.295667 ms (FindLiveObjects: 0.203000 ms CreateObjectMapping: 0.078334 ms MarkObjects: 1.857417 ms  DeleteObjects: 0.155917 ms)

========================================================================
Received Import Request.
  path: Assets/Scripts/HelloWorldPlayer.cs
  artifactKey: Guid(e400a6459ab0d4c43baddc17a94f5452) Importer(815301076,1909f56bfc062723c751e8b465ee728b)
Start importing Assets/Scripts/HelloWorldPlayer.cs using Guid(e400a6459ab0d4c43baddc17a94f5452) Importer(815301076,1909f56bfc062723c751e8b465ee728b)  -> (artifact id: '83f46ba51cb44b01ee58915cffd59b70') in 0.379679 seconds 
========================================================================
Received Import Request.
  Time since last request: 579.365773 seconds.
  path: Assets/Scripts/ColorChange.cs
  artifactKey: Guid(f0c5869bb69454ff18b1e1d80aaaa8eb) Importer(815301076,1909f56bfc062723c751e8b465ee728b)
Start importing Assets/Scripts/ColorChange.cs using Guid(f0c5869bb69454ff18b1e1d80aaaa8eb) Importer(815301076,1909f56bfc062723c751e8b465ee728b)  -> (artifact id: '8b76866ccdbc92f00f9aec16ddad2df1') in 0.067255 seconds 
========================================================================
Received Import Request.
  Time since last request: 8.595306 seconds.
  path: Assets/Scripts/ColorChangeGround.cs
  artifactKey: Guid(f0c5869bb69454ff18b1e1d80aaaa8eb) Importer(815301076,1909f56bfc062723c751e8b465ee728b)
Start importing Assets/Scripts/ColorChangeGround.cs using Guid(f0c5869bb69454ff18b1e1d80aaaa8eb) Importer(815301076,1909f56bfc062723c751e8b465ee728b)  -> (artifact id: 'b230429e3d9af070c07ed2f92d059189') in 0.003308 seconds 
========================================================================
Received Prepare
Registering precompiled user dll's ...
Registered in 0.003347 seconds.
Begin MonoManager ReloadAssembly
Native extension for OSXStandalone target not found
Refreshing native plugins compatible for Editor in 0.56 ms, found 1 plugins.
Preloading 0 native plugins for Editor in 0.00 ms.
Warning: Annotation not found!
UnityEngine.StackTraceUtility:ExtractStackTrace () (at /Users/bokken/buildslave/unity/build/Runtime/Export/Scripting/StackTrace.cs:37)
UnityEditor.ProBuilder.EditorUtility:SetGizmoIconEnabled (System.Type,bool) (at Library/PackageCache/com.unity.probuilder@5.0.1/Editor/EditorCore/EditorUtility.cs:575)
UnityEditor.ProBuilder.HierarchyListener:.cctor () (at Library/PackageCache/com.unity.probuilder@5.0.1/Editor/EditorCore/HierarchyListener.cs:21)
System.Runtime.CompilerServices.RuntimeHelpers:RunClassConstructor (System.RuntimeTypeHandle)
UnityEditor.EditorAssemblies:ProcessInitializeOnLoadAttributes (System.Type[]) (at /Users/bokken/buildslave/unity/build/Editor/Mono/EditorAssemblies.cs:114)

[Library/PackageCache/com.unity.probuilder@5.0.1/Editor/EditorCore/EditorUtility.cs line 575]

Mono: successfully reloaded assembly
- Completed reload, in  2.306 seconds
Platform modules already initialized, skipping
Refreshing native plugins compatible for Editor in 0.61 ms, found 1 plugins.
Preloading 0 native plugins for Editor in 0.00 ms.
Unloading 3159 Unused Serialized files (Serialized files now loaded: 0)
System memory in use before: 198.7 MB.
System memory in use after: 198.9 MB.

Unloading 16 unused Assets to reduce memory usage. Loaded Objects now: 3633.
Total: 2.150750 ms (FindLiveObjects: 0.214500 ms CreateObjectMapping: 0.066625 ms MarkObjects: 1.783042 ms  DeleteObjects: 0.085167 ms)

========================================================================
Received Prepare
Registering precompiled user dll's ...
Registered in 0.002511 seconds.
Begin MonoManager ReloadAssembly
Native extension for OSXStandalone target not found
Refreshing native plugins compatible for Editor in 0.63 ms, found 1 plugins.
Preloading 0 native plugins for Editor in 0.00 ms.
Warning: Annotation not found!
UnityEngine.StackTraceUtility:ExtractStackTrace () (at /Users/bokken/buildslave/unity/build/Runtime/Export/Scripting/StackTrace.cs:37)
UnityEditor.ProBuilder.EditorUtility:SetGizmoIconEnabled (System.Type,bool) (at Library/PackageCache/com.unity.probuilder@5.0.1/Editor/EditorCore/EditorUtility.cs:575)
UnityEditor.ProBuilder.HierarchyListener:.cctor () (at Library/PackageCache/com.unity.probuilder@5.0.1/Editor/EditorCore/HierarchyListener.cs:21)
System.Runtime.CompilerServices.RuntimeHelpers:RunClassConstructor (System.RuntimeTypeHandle)
UnityEditor.EditorAssemblies:ProcessInitializeOnLoadAttributes (System.Type[]) (at /Users/bokken/buildslave/unity/build/Editor/Mono/EditorAssemblies.cs:114)

[Library/PackageCache/com.unity.probuilder@5.0.1/Editor/EditorCore/EditorUtility.cs line 575]

Mono: successfully reloaded assembly
- Completed reload, in  2.971 seconds
Platform modules already initialized, skipping
Refreshing native plugins compatible for Editor in 0.54 ms, found 1 plugins.
Preloading 0 native plugins for Editor in 0.00 ms.
Unloading 3159 Unused Serialized files (Serialized files now loaded: 0)
System memory in use before: 199.0 MB.
System memory in use after: 199.2 MB.

Unloading 16 unused Assets to reduce memory usage. Loaded Objects now: 3636.
Total: 2.095833 ms (FindLiveObjects: 0.165416 ms CreateObjectMapping: 0.073959 ms MarkObjects: 1.771041 ms  DeleteObjects: 0.084500 ms)

========================================================================
Received Import Request.
  Time since last request: 98.104483 seconds.
  path: Assets/Scripts/ColorChangeGround.cs
  artifactKey: Guid(f0c5869bb69454ff18b1e1d80aaaa8eb) Importer(815301076,1909f56bfc062723c751e8b465ee728b)
Start importing Assets/Scripts/ColorChangeGround.cs using Guid(f0c5869bb69454ff18b1e1d80aaaa8eb) Importer(815301076,1909f56bfc062723c751e8b465ee728b)  -> (artifact id: 'f77e7e1aa3647b9a9060167671d086a6') in 0.013011 seconds 
========================================================================
Received Prepare
Registering precompiled user dll's ...
Registered in 0.003777 seconds.
Begin MonoManager ReloadAssembly
Native extension for OSXStandalone target not found
Refreshing native plugins compatible for Editor in 0.56 ms, found 1 plugins.
Preloading 0 native plugins for Editor in 0.00 ms.
Warning: Annotation not found!
UnityEngine.StackTraceUtility:ExtractStackTrace () (at /Users/bokken/buildslave/unity/build/Runtime/Export/Scripting/StackTrace.cs:37)
UnityEditor.ProBuilder.EditorUtility:SetGizmoIconEnabled (System.Type,bool) (at Library/PackageCache/com.unity.probuilder@5.0.1/Editor/EditorCore/EditorUtility.cs:575)
UnityEditor.ProBuilder.HierarchyListener:.cctor () (at Library/PackageCache/com.unity.probuilder@5.0.1/Editor/EditorCore/HierarchyListener.cs:21)
System.Runtime.CompilerServices.RuntimeHelpers:RunClassConstructor (System.RuntimeTypeHandle)
UnityEditor.EditorAssemblies:ProcessInitializeOnLoadAttributes (System.Type[]) (at /Users/bokken/buildslave/unity/build/Editor/Mono/EditorAssemblies.cs:114)

[Library/PackageCache/com.unity.probuilder@5.0.1/Editor/EditorCore/EditorUtility.cs line 575]

Mono: successfully reloaded assembly
- Completed reload, in  4.395 seconds
Platform modules already initialized, skipping
Refreshing native plugins compatible for Editor in 0.54 ms, found 1 plugins.
Preloading 0 native plugins for Editor in 0.00 ms.
Unloading 3159 Unused Serialized files (Serialized files now loaded: 0)
System memory in use before: 199.4 MB.
System memory in use after: 199.6 MB.

Unloading 16 unused Assets to reduce memory usage. Loaded Objects now: 3639.
Total: 3.700541 ms (FindLiveObjects: 0.185584 ms CreateObjectMapping: 0.072000 ms MarkObjects: 3.343167 ms  DeleteObjects: 0.098583 ms)

